Arguments: 
  /home/sepehr/.nvm/versions/node/v18.19.0/bin/node /usr/share/yarn/bin/yarn.js

PATH: 
  /home/sepehr/.local/bin:/home/sepehr/.nvm/versions/node/v18.19.0/bin:/home/sepehr/.cargo/bin:/home/sepehr/.local/bin:/usr/local/sbin:/usr/local/bin:/usr/sbin:/usr/bin:/sbin:/bin:/usr/games:/usr/local/games:/snap/bin:/snap/bin:/home/sepehr/Android/Sdk/emulator:/home/sepehr/Android/Sdk/platform-tools:/home/sepehr/Android/Sdk/emulator:/home/sepehr/Android/Sdk/platform-tools

Yarn version: 
  1.22.19

Node version: 
  18.19.0

Platform: 
  linux x64

Trace: 
  Error: https://registry.yarnpkg.com/@expo%2fvector-icons: ETIMEDOUT
      at Timeout._onTimeout (/usr/share/yarn/lib/cli.js:141550:19)
      at listOnTimeout (node:internal/timers:569:17)
      at process.processTimers (node:internal/timers:512:7)

npm manifest: 
  {
    "name": "hello-react",
    "main": "expo-router/entry",
    "version": "1.0.0",
    "scripts": {
      "start": "expo start",
      "reset-project": "node ./scripts/reset-project.js",
      "android": "expo start --android",
      "ios": "expo start --ios",
      "web": "expo start --web",
      "test": "jest --watchAll",
      "action-test":"jest",
      "lint": "expo lint"
    },
    "jest": {
      "preset": "jest-expo"
    },
    "dependencies": {
      "@expo/vector-icons": "^14.0.2",
      "@react-navigation/native": "^6.0.2",
      "expo": "~51.0.28",
      "expo-constants": "~16.0.2",
      "expo-font": "~12.0.9",
      "expo-linking": "~6.3.1",
      "expo-router": "~3.5.23",
      "expo-splash-screen": "~0.27.5",
      "expo-status-bar": "~1.12.1",
      "expo-system-ui": "~3.0.7",
      "expo-web-browser": "~13.0.3",
      "react": "18.2.0",
      "react-dom": "18.2.0",
      "react-native": "0.74.5",
      "react-native-gesture-handler": "~2.16.1",
      "react-native-reanimated": "~3.10.1",
      "react-native-safe-area-context": "4.10.5",
      "react-native-screens": "3.31.1",
      "react-native-web": "~0.19.10"
    },
    "devDependencies": {
      "@babel/core": "^7.20.0",
      "@types/jest": "^29.5.12",
      "@types/react": "~18.2.45",
      "@types/react-test-renderer": "^18.0.7",
      "jest": "^29.2.1",
      "jest-expo": "~51.0.3",
      "react-test-renderer": "18.2.0",
      "typescript": "~5.3.3"
    },
    "private": true
  }

yarn manifest: 
  No manifest

Lockfile: 
  No lockfile
